<?xml version="1.0" encoding="UTF-8"?>
<!-- Generated by org.testng.reporters.JUnitReportReporter -->
<testsuite hostname="LAPTOP-ATFV193T" failures="0" tests="1" name="com.webappsecurity.zero.TestScripts.VerifyValidLoginTest" time="0.827" errors="0" timestamp="2021-08-30T14:42:47 MDT" skipped="0">
  <testcase classname="com.webappsecurity.zero.TestScripts.VerifyValidLoginTest" name="VerifyValidLogin" time="0.827"/>
  <system-out/>
</testsuite> <!-- com.webappsecurity.zero.TestScripts.VerifyValidLoginTest -->
